<?xml version="1.0" encoding="UTF-8"?>
<!-- Generated by org.testng.reporters.JUnitXMLReporter -->
<testsuite ignored="1" hostname="DESKTOP-S76SA9N" failures="0" tests="4" name="Default test" time="48.715" errors="0" timestamp="2022-06-23T20:29:55 ICT">
  <testcase classname="com.nexsoft.test.CreateEventTest" name="createEvent1" time="16.541"/>
  <testcase classname="com.nexsoft.test.CreateEventTest" name="createEvent2" time="17.279"/>
  <testcase classname="com.nexsoft.test.CreateEventTest" name="getEventName" time="1.474"/>
  <testcase classname="com.nexsoft.test.CreateEventTest" name="getEventListName" time="0.068"/>
  <testcase classname="com.nexsoft.test.CreateEventTest" name="createEventTest" time="0.0">
    <ignored/>
  </testcase> <!-- createEventTest -->
</testsuite> <!-- Default test -->
