<?xml version="1.0" encoding="UTF-8"?>
<testng-results ignored="1" total="4" passed="3" failed="0" skipped="0">
  <reporter-output>
  </reporter-output>
  <suite started-at="2022-06-23T08:23:14 ICT" name="Default suite" finished-at="2022-06-23T08:24:09 ICT" duration-ms="55028">
    <groups>
    </groups>
    <test started-at="2022-06-23T08:23:14 ICT" name="Default test" finished-at="2022-06-23T08:24:09 ICT" duration-ms="55028">
      <class name="com.nexsoft.test.CreateEventTest">
        <test-method is-config="true" signature="init()[pri:0, instance:com.nexsoft.test.CreateEventTest@4d1c005e]" started-at="2022-06-23T08:23:14 ICT" name="init" finished-at="2022-06-23T08:23:29 ICT" duration-ms="14413" status="PASS">
          <reporter-output>
          </reporter-output>
        </test-method> <!-- init -->
        <test-method signature="createEvent1()[pri:1, instance:com.nexsoft.test.CreateEventTest@4d1c005e]" started-at="2022-06-23T08:23:29 ICT" name="createEvent1" finished-at="2022-06-23T08:23:48 ICT" duration-ms="18772" status="PASS">
          <reporter-output>
          </reporter-output>
        </test-method> <!-- createEvent1 -->
        <test-method signature="createEvent2()[pri:2, instance:com.nexsoft.test.CreateEventTest@4d1c005e]" started-at="2022-06-23T08:23:48 ICT" name="createEvent2" finished-at="2022-06-23T08:24:08 ICT" duration-ms="20120" status="PASS">
          <reporter-output>
          </reporter-output>
        </test-method> <!-- createEvent2 -->
        <test-method signature="getEventName()[pri:4, instance:com.nexsoft.test.CreateEventTest@4d1c005e]" started-at="2022-06-23T08:24:08 ICT" name="getEventName" finished-at="2022-06-23T08:24:09 ICT" duration-ms="1663" status="PASS">
          <reporter-output>
          </reporter-output>
        </test-method> <!-- getEventName -->
      </class> <!-- com.nexsoft.test.CreateEventTest -->
    </test> <!-- Default test -->
  </suite> <!-- Default suite -->
</testng-results>
