<?xml version="1.0" encoding="UTF-8"?>
<!-- Generated by org.testng.reporters.JUnitXMLReporter -->
<testsuite ignored="0" hostname="DESKTOP-S76SA9N" failures="1" tests="1" name="Create New Event" time="35.374" errors="0" timestamp="2022-06-23T21:05:28 ICT">
  <testcase classname="io.cucumber.testng.AbstractTestNGCucumberTests" name="runScenario" time="32.388">
    <failure type="java.lang.AssertionError" message="expected [true] but found [false]">
      <![CDATA[java.lang.AssertionError: expected [true] but found [false]
at com.nexsoft.definition.NewEventDefine.showUsers(NewEventDefine.java:131)
at ✽.User showed in Main Activity(file:///D:/Project/Java/TestNG/ContactDiary/src/test/resources/NewEvent.feature:15)
... Removed 4 stack frames]]>
    </failure>
  </testcase> <!-- runScenario -->
</testsuite> <!-- Create New Event -->
